
===== Post 1/1 =====
Product: Chocolate Brownie Bite ช็อกโกแลตบราวนี่ไบท์ บราวนี่หน้าฟิล์ม...
[System Log] Converted Product JSON:
{
  "ประเภท": "บราวนี่",
  "จุดเด่น": "หน้าฟิล์ม พอดีคำ",
  "ราคา": 119,
  "รส": "ช็อกโกแลต"
}
[System Log] Caption approved on attempt 1!
[System Log] Chosen Role: คนเลี้ยงสัตว์ (R5)
[System Log] Chosen Persona: คนรีวิวสั้นๆแบบขำๆ (F)
[System Log] Chosen Hook: เมื่อวานเพิ่งเจอ...
[System Log] Chosen Style: การบอกต่อเฉยๆ
Hook: น้อง​บราวนี่​ชิ้น​จิ๋ว | หน้า​ฟิล์ม​อร่อย​ไซส์​พอดี​คำ
Product image downloaded: output/product_20260718_131233.webp
Card render done: output/product_20260718_131233_card.png
Caption:
เมื่อวานเพิ่งเจอ...บราวนี่ รสช็อกโกแลต แบบหน้าฟิล์ม พอดีคำ ราคา 119 บาท ที่ทำให้หนูค้นพบว่าคำว่ากินแค่ชิ้นเดียวไม่มีอยู่จริงค่ะ ตอนแรกกะจะกินเล่นๆ สรุปหมดกล่องเกลี้ยงเลย สภาพเหมือนพายุเข้าพุงตัวเองมาก 555 ใครที่ชอบทาน บราวนี่หน้าฟิล์ม ไซส์น่ารักแบบนี้ เซฟเก็บไว้ดูตอนช้อป หรือจะแชร์ต่อให้เพื่อนไปลองกันได้นะคะ

ดูลิ้งในคอมเมนต์แรกเลยนะคะ 👇
🔥 โปรโมชั่น: ฿119

Posting to Facebook Page...
Using explicit scheduled_timestamp: 1784356022
Scheduling to Facebook for timestamp 1784356022...
Scheduled successfully! Photo ID: 122178291620726152
[DB] Successfully saved post memory.
Marked row 132 as done

Done: 1/5 posts completed
